nvim
networkmanager
vi
grub
efibootmgr
os-prober

reflector
rsync

wget
curl
git

base-devel

# mesa
nvidia

kitty
hyprland
hyprpaper
hyprlock

nvtop
htop
btop
bottom
powertop
ncdu
mission-center

upower
brightnessctl
openssh
ufw

pipewire
pipewire-alsa
pipewire-pulse
pipewire-jack
wireplumber

fontconfig
woff2-font-awesome
noto-fonts-emoji

unzip
tar
7zip

qt5ct
qt6ct
qt5-wayland
qt6-wayland
nwg-look
kvantum

sddm
qt6-svg
qt6-declarative
qt5-quickcontrols2

gtk3
gtk4
xdg-desktop-portal
xdg-desktop-portal-gtk

waybar
yazi
doublecmd
telegram-desktop
# firefox
vivaldi
qutebrowser
obsidian
inkscape

lsd
zsh

libnotify
grim
slurp
wl-clipboard
dunst

bluez
bluez-utils
blueman
network-manager-applet

lazygit

gvfs
glib2

gvfs-mtp
gvfs-afc
gvfs-google
gvfs-gphoto2
gvfs-nfs
gvfs-smb
gvfs-afc
gvfs-dnssd
gvfs-goa
gvfs-onedrive
gvfs-wsdd

fzf
fd
chafa
zoxide
mediainfo
ouch

python-pip
python-pipx
pyenv
hexyl

imagemagick
feh

rustup
rust-src
tumbler

